<?xml version="1.0" encoding="UTF-8"?>
<testng-results ignored="0" total="3" passed="3" failed="0" skipped="0">
  <reporter-output>
  </reporter-output>
  <suite started-at="2025-03-10T12:02:53 IST" name="Default suite" finished-at="2025-03-10T12:03:23 IST" duration-ms="30309">
    <groups>
    </groups>
    <test started-at="2025-03-10T12:02:53 IST" name="Default test" finished-at="2025-03-10T12:03:23 IST" duration-ms="30309">
      <class name="testNGDataProvider.LoginWithDataProvider">
        <test-method signature="inValidLoginTC(java.lang.String,java.lang.String)[pri:0, instance:testNGDataProvider.LoginWithDataProvider@4fb61f4a]" started-at="2025-03-10T12:02:53 IST" name="inValidLoginTC" data-provider="logincreds" finished-at="2025-03-10T12:03:05 IST" duration-ms="11672" status="PASS">
          <params>
            <param index="0">
              <value>
                <![CDATA[dataprovider123@gmail.com]]>
              </value>
            </param>
            <param index="1">
              <value>
                <![CDATA[Asdf@12345]]>
              </value>
            </param>
          </params>
          <reporter-output>
          </reporter-output>
        </test-method> <!-- inValidLoginTC -->
        <test-method signature="inValidLoginTC(java.lang.String,java.lang.String)[pri:0, instance:testNGDataProvider.LoginWithDataProvider@4fb61f4a]" started-at="2025-03-10T12:03:05 IST" name="inValidLoginTC" data-provider="logincreds" finished-at="2025-03-10T12:03:14 IST" duration-ms="9566" status="PASS">
          <params>
            <param index="0">
              <value>
                <![CDATA[datapr123@gmail.com]]>
              </value>
            </param>
            <param index="1">
              <value>
                <![CDATA[Asdf@1kbrty5]]>
              </value>
            </param>
          </params>
          <reporter-output>
          </reporter-output>
        </test-method> <!-- inValidLoginTC -->
        <test-method signature="inValidLoginTC(java.lang.String,java.lang.String)[pri:0, instance:testNGDataProvider.LoginWithDataProvider@4fb61f4a]" started-at="2025-03-10T12:03:14 IST" name="inValidLoginTC" data-provider="logincreds" finished-at="2025-03-10T12:03:23 IST" duration-ms="9028" status="PASS">
          <params>
            <param index="0">
              <value>
                <![CDATA[data1234567890@gmail.com]]>
              </value>
            </param>
            <param index="1">
              <value>
                <![CDATA[Asdf@09876545]]>
              </value>
            </param>
          </params>
          <reporter-output>
          </reporter-output>
        </test-method> <!-- inValidLoginTC -->
      </class> <!-- testNGDataProvider.LoginWithDataProvider -->
    </test> <!-- Default test -->
  </suite> <!-- Default suite -->
</testng-results>
