<?xml version="1.0" encoding="UTF-8"?>
<!-- Generated by org.testng.reporters.JUnitXMLReporter -->
<testsuite ignored="0" hostname="DESKTOP-TI6U62J" failures="0" tests="3" name="Default test" time="30.309" errors="0" timestamp="2025-03-10T12:03:23 IST">
  <testcase classname="testNGDataProvider.LoginWithDataProvider" name="inValidLoginTC" time="11.672"/>
  <testcase classname="testNGDataProvider.LoginWithDataProvider" name="inValidLoginTC" time="9.566"/>
  <testcase classname="testNGDataProvider.LoginWithDataProvider" name="inValidLoginTC" time="9.028"/>
</testsuite> <!-- Default test -->
